<?xml version="1.0" encoding="utf-8"?><testsuites name="pytest tests"><testsuite name="pytest" errors="0" failures="0" skipped="0" tests="14" time="3.846" timestamp="2026-05-26T22:07:57.978730+00:00" hostname="agent-env-4b89959b-73c8-41c8-bfc1-97f5ac4360d2"><testcase classname="backend.tests.test_quotes" name="test_root" time="0.230" /><testcase classname="backend.tests.test_quotes" name="test_create_quote_success" time="0.207" /><testcase classname="backend.tests.test_quotes" name="test_create_quote_minimal" time="0.137" /><testcase classname="backend.tests.test_quotes" name="test_create_quote_missing_namn" time="0.108" /><testcase classname="backend.tests.test_quotes" name="test_create_quote_missing_email" time="0.171" /><testcase classname="backend.tests.test_quotes" name="test_create_quote_missing_meddelande" time="0.107" /><testcase classname="backend.tests.test_quotes" name="test_create_quote_empty_namn" time="1.095" /><testcase classname="backend.tests.test_quotes" name="test_create_quote_invalid_email" time="0.141" /><testcase classname="backend.tests.test_quotes" name="test_list_quotes" time="0.138" /><testcase classname="backend.tests.test_quotes" name="test_patch_status_valid" time="0.442" /><testcase classname="backend.tests.test_quotes" name="test_patch_status_invalid" time="0.128" /><testcase classname="backend.tests.test_quotes" name="test_patch_status_nonexistent" time="0.141" /><testcase classname="backend.tests.test_quotes" name="test_delete_quote" time="0.351" /><testcase classname="backend.tests.test_quotes" name="test_delete_nonexistent" time="0.379" /></testsuite></testsuites>